<?xml version="1.0" encoding="UTF-8"?>
<!-- Generated by org.testng.reporters.JUnitReportReporter -->
<testsuite hostname="DESKTOP-HVD9T44" failures="0" tests="1" name="login.HrmLogin" time="2.229" errors="0" timestamp="2022-09-28T22:21:15 IST" skipped="0">
  <testcase classname="login.HrmLogin" name="operation" time="2.229"/>
  <system-out/>
</testsuite> <!-- login.HrmLogin -->
